<?xml version="1.0" encoding="UTF-8"?>
<!-- Generated by org.testng.reporters.JUnitXMLReporter -->
<testsuite ignored="0" hostname="WJLP-1503" failures="1" tests="1" name="CalculatorTests" time="23.82" errors="0" timestamp="2025-09-12T11:09:05 IST">
  <testcase classname="tests.CalculatorTest" name="testAddition" time="10.749">
    <failure type="java.lang.AssertionError" message="Test failed with exception: Expected condition failed: waiting for presence of element located by: By.id: com.miui.calculator:id/btn_5 (tried for 10 second(s) with 500 milliseconds interval)">
      <![CDATA[java.lang.AssertionError: Test failed with exception: Expected condition failed: waiting for presence of element located by: By.id: com.miui.calculator:id/btn_5 (tried for 10 second(s) with 500 milliseconds interval)
at tests.CalculatorTest.testAddition(CalculatorTest.java:46)
at java.base/java.util.ArrayList.forEach(ArrayList.java:1511)
... Removed 32 stack frames]]>
    </failure>
  </testcase> <!-- testAddition -->
</testsuite> <!-- CalculatorTests -->
