<?xml version="1.0" encoding="UTF-8"?>
<testng-results ignored="0" total="1" passed="1" failed="0" skipped="0">
  <reporter-output>
  </reporter-output>
  <suite started-at="2025-09-17T09:12:41 IST" name="Default suite" finished-at="2025-09-17T09:13:04 IST" duration-ms="23373">
    <groups>
    </groups>
    <test started-at="2025-09-17T09:12:41 IST" name="Default test" finished-at="2025-09-17T09:13:04 IST" duration-ms="23373">
      <class name="tests.BrowserStackGestureTest">
        <test-method is-config="true" signature="setup(org.testng.ITestContext)[pri:0, instance:tests.BrowserStackGestureTest@2f7dcef2]" started-at="2025-09-17T09:12:41 IST" name="setup" finished-at="2025-09-17T09:12:58 IST" duration-ms="16669" status="PASS">
          <params>
            <param index="0">
              <value>
                <![CDATA[org.testng.TestRunner@30c7be6f]]>
              </value>
            </param>
          </params>
          <reporter-output>
          </reporter-output>
        </test-method> <!-- setup -->
        <test-method signature="testGestures()[pri:0, instance:tests.BrowserStackGestureTest@2f7dcef2]" started-at="2025-09-17T09:12:58 IST" name="testGestures" finished-at="2025-09-17T09:13:01 IST" duration-ms="3245" status="PASS">
          <reporter-output>
          </reporter-output>
        </test-method> <!-- testGestures -->
        <test-method is-config="true" signature="tearDown()[pri:0, instance:tests.BrowserStackGestureTest@2f7dcef2]" started-at="2025-09-17T09:13:03 IST" name="tearDown" finished-at="2025-09-17T09:13:04 IST" duration-ms="1690" status="PASS">
          <reporter-output>
          </reporter-output>
        </test-method> <!-- tearDown -->
      </class> <!-- tests.BrowserStackGestureTest -->
    </test> <!-- Default test -->
  </suite> <!-- Default suite -->
</testng-results>
